app/build/intermediates/manifest_merge_blame_file/release/manifest-merger-blame-release-report.txt
1<?xml version="1.0" encoding="utf-8"?>
2<manifest xmlns:android="http://schemas.android.com/apk/res/android"
3    package="ru.cutepool.recipemanager"
4    android:versionCode="1"
5    android:versionName="1.0" >
6
7    <uses-sdk
8        android:minSdkVersion="21"
8-->src\main\AndroidManifest.xml
9        android:targetSdkVersion="28" />
9-->src\main\AndroidManifest.xml
10
11    <uses-permission android:name="android.permission.INTERNET" />
11-->src\main\AndroidManifest.xml:5:5-66
11-->src\main\AndroidManifest.xml:5:22-64
12
13    <application
13-->src\main\AndroidManifest.xml:7:5-34:19
14        android:allowBackup="true"
14-->src\main\AndroidManifest.xml:8:9-35
15        android:appComponentFactory="androidx.core.app.CoreComponentFactory"
15-->[androidx.core:core:1.1.0] AndroidManifest.xml:24:18-86
16        android:icon="@mipmap/ic_launcher"
16-->src\main\AndroidManifest.xml:9:9-43
17        android:label="@string/app_name"
17-->src\main\AndroidManifest.xml:10:9-41
18        android:roundIcon="@mipmap/ic_launcher_round"
18-->src\main\AndroidManifest.xml:11:9-54
19        android:supportsRtl="true"
19-->src\main\AndroidManifest.xml:12:9-35
20        android:theme="@style/AppTheme"
20-->src\main\AndroidManifest.xml:14:9-40
21        android:usesCleartextTraffic="true" >
21-->src\main\AndroidManifest.xml:13:9-44
22        <activity
22-->src\main\AndroidManifest.xml:15:9-19:20
23            android:name="ru.cutepool.recipemanager.RecipeListActivity"
23-->src\main\AndroidManifest.xml:17:13-47
24            android:parentActivityName="ru.cutepool.recipemanager.RecipeListActivity"
24-->src\main\AndroidManifest.xml:18:13-61
25            android:screenOrientation="portrait" >
25-->src\main\AndroidManifest.xml:16:13-49
26        </activity>
27        <activity
27-->src\main\AndroidManifest.xml:20:9-28:20
28            android:name="ru.cutepool.recipemanager.MainActivity"
28-->src\main\AndroidManifest.xml:23:13-41
29            android:parentActivityName="ru.cutepool.recipemanager.MainActivity"
29-->src\main\AndroidManifest.xml:22:13-55
30            android:screenOrientation="portrait" >
30-->src\main\AndroidManifest.xml:21:13-49
31            <intent-filter>
31-->src\main\AndroidManifest.xml:24:13-27:29
32                <action android:name="android.intent.action.MAIN" />
32-->src\main\AndroidManifest.xml:25:17-69
32-->src\main\AndroidManifest.xml:25:25-66
33
34                <category android:name="android.intent.category.LAUNCHER" />
34-->src\main\AndroidManifest.xml:26:17-77
34-->src\main\AndroidManifest.xml:26:27-74
35            </intent-filter>
36        </activity>
37        <activity
37-->src\main\AndroidManifest.xml:29:9-33:20
38            android:name="ru.cutepool.recipemanager.RecipeActivity"
38-->src\main\AndroidManifest.xml:32:13-43
39            android:parentActivityName="ru.cutepool.recipemanager.RecipeActivity"
39-->src\main\AndroidManifest.xml:31:13-57
40            android:screenOrientation="portrait" >
40-->src\main\AndroidManifest.xml:30:13-49
41        </activity>
42
43        <provider
43-->[androidx.lifecycle:lifecycle-process:2.0.0] AndroidManifest.xml:23:9-27:43
44            android:name="androidx.lifecycle.ProcessLifecycleOwnerInitializer"
44-->[androidx.lifecycle:lifecycle-process:2.0.0] AndroidManifest.xml:24:13-79
45            android:authorities="ru.cutepool.recipemanager.lifecycle-process"
45-->[androidx.lifecycle:lifecycle-process:2.0.0] AndroidManifest.xml:25:13-69
46            android:exported="false"
46-->[androidx.lifecycle:lifecycle-process:2.0.0] AndroidManifest.xml:26:13-37
47            android:multiprocess="true" />
47-->[androidx.lifecycle:lifecycle-process:2.0.0] AndroidManifest.xml:27:13-40
48    </application>
49
50</manifest>